error: iterating and modifying storage has undefined results
  --> $DIR/storage_insert_iterable_storage_map.rs:18:9
   |
LL |         T::swap(1, 2);
   |         ^^^^^^^
   |
   = note: `-D storage-iter-insert` implied by `-D warnings`
help: restructure code, or specifically describe why this isn't undefined behaviour
   |
LL |         #[allow(storage_iter_insert)]...(1, 2);
   |         ~~~~~~~~~~~~~~~~~~~~~~~~~~~~~~~~

error: iterating and modifying storage has undefined results
  --> $DIR/storage_insert_iterable_storage_map.rs:23:9
   |
LL |         T::swap(1, 2, 3, 4);
   |         ^^^^^^^
   |
help: restructure code, or specifically describe why this isn't undefined behaviour
   |
LL |         #[allow(storage_iter_insert)]...(1, 2, 3, 4);
   |         ~~~~~~~~~~~~~~~~~~~~~~~~~~~~~~~~

error: aborting due to 2 previous errors

